<?xml version="1.0" encoding="UTF-8"?>
<!-- Generated by org.testng.reporters.JUnitXMLReporter -->
<testsuite ignored="0" hostname="MacBookPro" failures="0" tests="3" name="Default test" time="7.715" errors="0" timestamp="2026-09-09T15:35:49 CEST">
  <testcase classname="drogerieMarkt.test.DmHomePageTest" name="homePageLinkValidation" time="2.271"/>
  <testcase classname="drogerieMarkt.test.DmHomePageTest" name="verifyHomePageTitle" time="0.069"/>
  <testcase classname="drogerieMarkt.test.DmHomePageTest" name="verifyProductSearch" time="1.39"/>
</testsuite> <!-- Default test -->
