<?xml version="1.0" encoding="UTF-8"?>
<!-- Generated by org.testng.reporters.JUnitXMLReporter -->
<testsuite ignored="3" hostname="Geetus-MacBook-Pro.local" failures="0" tests="1" name="Default test" time="9.829" errors="0" timestamp="2026-09-16T17:44:28 CEST">
  <testcase classname="drogerieMarkt.test.DmLoginRegistrationPageTest" name="dateOfBirthValidation" time="6.73"/>
  <testcase classname="drogerieMarkt.test.DmLoginRegistrationPageTest" name="verifyRegistrationRedirection" time="0.0">
    <ignored/>
  </testcase> <!-- verifyRegistrationRedirection -->
  <testcase classname="drogerieMarkt.test.DmLoginRegistrationPageTest" name="verifyLoginRedirection" time="0.0">
    <ignored/>
  </testcase> <!-- verifyLoginRedirection -->
  <testcase classname="drogerieMarkt.test.DmLoginRegistrationPageTest" name="verifyRegistrationFormRadioButtons" time="0.0">
    <ignored/>
  </testcase> <!-- verifyRegistrationFormRadioButtons -->
</testsuite> <!-- Default test -->
