<?xml version="1.0" encoding="UTF-8"?>
<!-- Generated by org.testng.reporters.JUnitXMLReporter -->
<testsuite ignored="0" hostname="Geetus-MacBook-Pro.local" failures="0" tests="3" name="Test" time="7.268" errors="0" timestamp="2026-09-09T16:51:31 CEST">
  <testcase classname="drogerieMarkt.test.DmHomePageTest" name="homePageLinkValidation" time="2.416"/>
  <testcase classname="drogerieMarkt.test.DmHomePageTest" name="verifyHomePageTitle" time="0.065"/>
  <testcase classname="drogerieMarkt.test.DmHomePageTest" name="verifyProductSearch" time="1.272"/>
</testsuite> <!-- Test -->
