<?xml version="1.0" encoding="UTF-8"?>
<!-- Generated by org.testng.reporters.JUnitReportReporter -->
<testsuite hostname="MacBookPro" failures="0" tests="6" name="drogerieMarkt.test.DmHomePageTest" time="29.851" errors="0" timestamp="2026-09-16T11:20:52 CEST" skipped="0">
  <testcase classname="drogerieMarkt.test.DmHomePageTest" name="verifyHomePageTitle" time="5.816"/>
  <testcase classname="drogerieMarkt.test.DmHomePageTest" name="homePageLinkValidation" time="6.329"/>
  <testcase classname="drogerieMarkt.test.DmHomePageTest" name="verifyPresenceOfLogo" time="3.590"/>
  <testcase classname="drogerieMarkt.test.DmHomePageTest" name="verifyIfCaroselIsDisplayed" time="4.801"/>
  <testcase classname="drogerieMarkt.test.DmHomePageTest" name="verifyCarouselNextButton" time="4.461"/>
  <testcase classname="drogerieMarkt.test.DmHomePageTest" name="verifyProductSearch" time="4.854"/>
</testsuite> <!-- drogerieMarkt.test.DmHomePageTest -->
