<?xml version="1.0" encoding="UTF-8"?>
<!-- Generated by org.testng.reporters.JUnitReportReporter -->
<testsuite hostname="MacBookPro" failures="0" tests="2" name="drogerieMarkt.test.DmLoginPageTest" time="12.977" errors="0" timestamp="2026-09-16T13:08:00 CEST" skipped="0">
  <testcase classname="drogerieMarkt.test.DmLoginPageTest" name="verifyLoginRedirection" time="7.186"/>
  <testcase classname="drogerieMarkt.test.DmLoginPageTest" name="verifyRegistrationRedirection" time="5.791"/>
</testsuite> <!-- drogerieMarkt.test.DmLoginPageTest -->
