<?xml version="1.0" encoding="UTF-8"?>
<!-- Generated by org.testng.reporters.JUnitReportReporter -->
<testsuite hostname="Geetus-MacBook-Pro.local" failures="0" tests="3" name="drogerieMarkt.test.DmHomePageTest" time="3.763" errors="0" timestamp="2026-09-09T16:51:31 CEST" skipped="0">
  <testcase classname="drogerieMarkt.test.DmHomePageTest" name="verifyHomePageTitle" time="0.066"/>
  <testcase classname="drogerieMarkt.test.DmHomePageTest" name="homePageLinkValidation" time="2.416"/>
  <testcase classname="drogerieMarkt.test.DmHomePageTest" name="verifyProductSearch" time="1.281"/>
</testsuite> <!-- drogerieMarkt.test.DmHomePageTest -->
