<?xml version="1.0" encoding="UTF-8"?>
<!-- Generated by org.testng.reporters.JUnitReportReporter -->
<testsuite hostname="Geetus-MacBook-Pro.local" failures="0" tests="4" name="drogerieMarkt.test.DmLoginRegistrationPageTest" time="7.643" errors="0" timestamp="2026-09-16T17:53:10 CEST" skipped="3">
  <testcase classname="drogerieMarkt.test.DmLoginRegistrationPageTest" name="dateOfBirthValidation" time="7.643"/>
  <testcase classname="drogerieMarkt.test.DmLoginRegistrationPageTest" name="verifyRegistrationRedirection">
    <skipped/>
  </testcase> <!-- verifyRegistrationRedirection -->
  <testcase classname="drogerieMarkt.test.DmLoginRegistrationPageTest" name="verifyLoginRedirection">
    <skipped/>
  </testcase> <!-- verifyLoginRedirection -->
  <testcase classname="drogerieMarkt.test.DmLoginRegistrationPageTest" name="verifyRegistrationFormRadioButtons">
    <skipped/>
  </testcase> <!-- verifyRegistrationFormRadioButtons -->
</testsuite> <!-- drogerieMarkt.test.DmLoginRegistrationPageTest -->
